âœ— Error: No package metadata was found for bitsandbytes
Traceback (most recent call last):
  File "/usr/lib/python3.11/importlib/metadata/__init__.py", line 563, in from_name
    return next(cls.discover(name=name))
           ^^^^^^^^^^^^^^^^^^^^^^^^^^^^^
StopIteration

During handling of the above exception, another exception occurred:

Traceback (most recent call last):
  File "/tmp/ipykernel_37/2339716655.py", line 99, in finetune_model_p100
    bnb_config = BitsAndBytesConfig(
                 ^^^^^^^^^^^^^^^^^^^
  File "/usr/local/lib/python3.11/dist-packages/transformers/utils/quantization_config.py", line 508, in __init__
    self.post_init()
  File "/usr/local/lib/python3.11/dist-packages/transformers/utils/quantization_config.py", line 566, in post_init
    if self.load_in_4bit and not version.parse(importlib.metadata.version("bitsandbytes")) >= version.parse(
                                               ^^^^^^^^^^^^^^^^^^^^^^^^^^^^^^^^^^^^^^^^^^
  File "/usr/lib/python3.11/importlib/metadata/__init__.py", line 1009, in version
    return distribution(distribution_name).version
           ^^^^^^^^^^^^^^^^^^^^^^^^^^^^^^^
  File "/usr/lib/python3.11/importlib/metadata/__init__.py", line 982, in distribution
    return Distribution.from_name(distribution_name)
           ^^^^^^^^^^^^^^^^^^^^^^^^^^^^^^^^^^^^^^^^^
  File "/usr/lib/python3.11/importlib/metadata/__init__.py", line 565, in from_name
    raise PackageNotFoundError(name)
importlib.metadata.PackageNotFoundError: No package metadata was found for bitsandbytes
